2024-12-18T18:39:46.751Z - GET /
2024-12-18T18:41:11.717Z - GET /api/user
2024-12-18T20:08:05.580Z - GET /api/users
2024-12-18T20:08:05.603Z - GET /favicon.ico
2024-12-18T20:08:23.926Z - POST /api/users
2024-12-18T20:08:34.702Z - GET /api/users
2024-12-18T20:09:40.931Z - GET /api/users
2024-12-18T20:09:44.829Z - POST /api/users
2024-12-18T20:11:20.071Z - GET /api/users
2024-12-18T20:11:22.468Z - POST /api/users
2024-12-18T20:11:23.939Z - GET /api/users
2024-12-18T20:11:55.833Z - GET /api/users
2024-12-18T20:11:57.749Z - POST /api/users
2024-12-18T20:12:13.249Z - POST /api/users
2024-12-18T20:12:14.633Z - GET /api/users
2024-12-18T20:12:38.641Z - POST /api/borrow/borrow
2024-12-18T20:15:33.970Z - GET /api/users
2024-12-18T20:15:33.976Z - GET /api/books
2024-12-18T20:15:59.542Z - POST /api/books
2024-12-18T20:16:52.154Z - GET /api/users
2024-12-18T20:16:52.159Z - GET /api/books
2024-12-18T20:16:58.489Z - POST /api/books
2024-12-18T20:17:05.378Z - POST /api/books
2024-12-18T20:17:17.462Z - POST /api/books
2024-12-18T20:18:27.298Z - GET /api/users
2024-12-18T20:18:27.299Z - GET /api/books
2024-12-18T20:18:49.253Z - POST /api/books
2024-12-18T20:19:23.715Z - POST /api/books
2024-12-18T20:20:32.763Z - GET /api/users
2024-12-18T20:20:32.771Z - GET /api/books
2024-12-18T20:20:39.626Z - POST /api/books
2024-12-18T20:20:41.170Z - GET /api/books
2024-12-18T20:27:37.590Z - GET /api/users
2024-12-20T13:27:18.670Z - GET /api/books
2024-12-20T13:27:18.671Z - GET /api/users
2024-12-20T13:27:18.689Z - GET /favicon.ico
2024-12-20T13:51:48.209Z - POST /api/users
2024-12-20T13:51:50.442Z - GET /api/users
2024-12-20T13:51:53.316Z - GET /api/users
2024-12-20T13:52:15.626Z - POST /api/books
2024-12-20T13:52:17.404Z - GET /api/books
2024-12-20T13:52:20.821Z - POST /api/borrow/borrow
